INFO: [VRFC 10-163] Analyzing VHDL file "/home/rossinc/Documents/alan/procesador/procesador.srcs/sources_1/imports/procesador/alu.vhd" into library xil_defaultlib
INFO: [VRFC 10-3107] analyzing entity 'ALU'
INFO: [VRFC 10-163] Analyzing VHDL file "/home/rossinc/Documents/alan/procesador/procesador.srcs/sources_1/imports/procesador/control.vhd" into library xil_defaultlib
INFO: [VRFC 10-3107] analyzing entity 'CONTROL'
INFO: [VRFC 10-163] Analyzing VHDL file "/home/rossinc/Documents/alan/procesador/procesador.srcs/sources_1/imports/procesador/datapath.vhd" into library xil_defaultlib
INFO: [VRFC 10-3107] analyzing entity 'DATAPATH'
INFO: [VRFC 10-163] Analyzing VHDL file "/home/rossinc/Documents/alan/procesador/procesador.srcs/sources_1/imports/procesador/decodificador.vhd" into library xil_defaultlib
INFO: [VRFC 10-3107] analyzing entity 'DECODIFICADOR'
INFO: [VRFC 10-163] Analyzing VHDL file "/home/rossinc/Documents/alan/procesador/procesador.srcs/sources_1/imports/procesador/memory_data.vhd" into library xil_defaultlib
INFO: [VRFC 10-3107] analyzing entity 'MEMORY_DATA'
INFO: [VRFC 10-163] Analyzing VHDL file "/home/rossinc/Documents/alan/procesador/procesador.srcs/sources_1/imports/procesador/memory_program.vhd" into library xil_defaultlib
INFO: [VRFC 10-3107] analyzing entity 'MEMORY_PROG'
INFO: [VRFC 10-163] Analyzing VHDL file "/home/rossinc/Documents/alan/procesador/procesador.srcs/sources_1/imports/procesador/pc.vhd" into library xil_defaultlib
INFO: [VRFC 10-3107] analyzing entity 'PC'
INFO: [VRFC 10-163] Analyzing VHDL file "/home/rossinc/Documents/alan/procesador/procesador.srcs/sources_1/imports/procesador/registro.vhd" into library xil_defaultlib
INFO: [VRFC 10-3107] analyzing entity 'REGISTRO'
INFO: [VRFC 10-163] Analyzing VHDL file "/home/rossinc/Documents/alan/procesador/procesador.srcs/sources_1/imports/procesador/registros.vhd" into library xil_defaultlib
INFO: [VRFC 10-3107] analyzing entity 'REGISTROS'
INFO: [VRFC 10-163] Analyzing VHDL file "/home/rossinc/Documents/alan/procesador/procesador.srcs/sim_1/imports/procesador/testbench.vhd" into library xil_defaultlib
INFO: [VRFC 10-3107] analyzing entity 'TB'
INFO: [VRFC 10-163] Analyzing VHDL file "/home/rossinc/Documents/alan/procesador/procesador.srcs/sources_1/new/registro_async.vhd" into library xil_defaultlib
INFO: [VRFC 10-3107] analyzing entity 'REGISTRO_ASYNC'
INFO: [VRFC 10-163] Analyzing VHDL file "/home/rossinc/Documents/alan/procesador/procesador.srcs/sources_1/imports/procesador/registros.vhd" into library xil_defaultlib
INFO: [VRFC 10-3107] analyzing entity 'REGISTROS'
INFO: [VRFC 10-163] Analyzing VHDL file "/home/rossinc/Documents/alan/procesador/procesador.srcs/sources_1/imports/procesador/datapath.vhd" into library xil_defaultlib
INFO: [VRFC 10-3107] analyzing entity 'DATAPATH'
INFO: [VRFC 10-163] Analyzing VHDL file "/home/rossinc/Documents/alan/procesador/procesador.srcs/sources_1/imports/procesador/memory_data.vhd" into library xil_defaultlib
INFO: [VRFC 10-3107] analyzing entity 'MEMORY_DATA'
INFO: [VRFC 10-163] Analyzing VHDL file "/home/rossinc/Documents/alan/procesador/procesador.srcs/sources_1/imports/procesador/datapath.vhd" into library xil_defaultlib
INFO: [VRFC 10-3107] analyzing entity 'DATAPATH'
INFO: [VRFC 10-163] Analyzing VHDL file "/home/rossinc/Documents/alan/procesador/procesador.srcs/sources_1/imports/procesador/memory_data.vhd" into library xil_defaultlib
INFO: [VRFC 10-3107] analyzing entity 'MEMORY_DATA'
INFO: [VRFC 10-163] Analyzing VHDL file "/home/rossinc/Documents/alan/procesador/procesador.srcs/sources_1/imports/procesador/memory_data.vhd" into library xil_defaultlib
INFO: [VRFC 10-3107] analyzing entity 'MEMORY_DATA'
INFO: [VRFC 10-163] Analyzing VHDL file "/home/rossinc/Documents/alan/procesador/procesador.srcs/sources_1/new/registro_async.vhd" into library xil_defaultlib
INFO: [VRFC 10-3107] analyzing entity 'REGISTRO_ASYNC'
INFO: [VRFC 10-163] Analyzing VHDL file "/home/rossinc/Documents/alan/procesador/procesador.srcs/sources_1/imports/procesador/datapath.vhd" into library xil_defaultlib
INFO: [VRFC 10-3107] analyzing entity 'DATAPATH'
INFO: [VRFC 10-163] Analyzing VHDL file "/home/rossinc/Documents/alan/procesador/procesador.srcs/sources_1/imports/procesador/control.vhd" into library xil_defaultlib
INFO: [VRFC 10-3107] analyzing entity 'CONTROL'
INFO: [VRFC 10-163] Analyzing VHDL file "/home/rossinc/Documents/alan/procesador/procesador.srcs/sources_1/imports/procesador/memory_program.vhd" into library xil_defaultlib
INFO: [VRFC 10-3107] analyzing entity 'MEMORY_PROG'
ERROR: [VRFC 10-1478] type of aggregate cannot be determined without context ; 0 visible types match here [/home/rossinc/Documents/alan/procesador/procesador.srcs/sources_1/imports/procesador/memory_program.vhd:20]
ERROR: [VRFC 10-3782] unit 'behavioral' ignored due to previous errors [/home/rossinc/Documents/alan/procesador/procesador.srcs/sources_1/imports/procesador/memory_program.vhd:17]
INFO: [VRFC 10-3070] VHDL file '/home/rossinc/Documents/alan/procesador/procesador.srcs/sources_1/imports/procesador/memory_program.vhd' ignored due to errors
INFO: [VRFC 10-163] Analyzing VHDL file "/home/rossinc/Documents/alan/procesador/procesador.srcs/sources_1/imports/procesador/control.vhd" into library xil_defaultlib
INFO: [VRFC 10-3107] analyzing entity 'CONTROL'
INFO: [VRFC 10-163] Analyzing VHDL file "/home/rossinc/Documents/alan/procesador/procesador.srcs/sources_1/imports/procesador/memory_program.vhd" into library xil_defaultlib
INFO: [VRFC 10-3107] analyzing entity 'MEMORY_PROG'
INFO: [VRFC 10-163] Analyzing VHDL file "/home/rossinc/Documents/alan/procesador/procesador.srcs/sources_1/imports/procesador/control.vhd" into library xil_defaultlib
INFO: [VRFC 10-3107] analyzing entity 'CONTROL'
INFO: [VRFC 10-163] Analyzing VHDL file "/home/rossinc/Documents/alan/procesador/procesador.srcs/sources_1/imports/procesador/memory_data.vhd" into library xil_defaultlib
INFO: [VRFC 10-3107] analyzing entity 'MEMORY_DATA'
INFO: [VRFC 10-163] Analyzing VHDL file "/home/rossinc/Documents/alan/procesador/procesador.srcs/sources_1/imports/procesador/memory_data.vhd" into library xil_defaultlib
INFO: [VRFC 10-3107] analyzing entity 'MEMORY_DATA'
INFO: [VRFC 10-163] Analyzing VHDL file "/home/rossinc/Documents/alan/procesador/procesador.srcs/sources_1/imports/procesador/memory_data.vhd" into library xil_defaultlib
INFO: [VRFC 10-3107] analyzing entity 'MEMORY_DATA'
INFO: [VRFC 10-163] Analyzing VHDL file "/home/rossinc/Documents/alan/procesador/procesador.srcs/sources_1/imports/procesador/memory_program.vhd" into library xil_defaultlib
INFO: [VRFC 10-3107] analyzing entity 'MEMORY_PROG'
INFO: [VRFC 10-163] Analyzing VHDL file "/home/rossinc/Documents/alan/procesador/procesador.srcs/sources_1/imports/procesador/memory_data.vhd" into library xil_defaultlib
INFO: [VRFC 10-3107] analyzing entity 'MEMORY_DATA'
INFO: [VRFC 10-163] Analyzing VHDL file "/home/rossinc/Documents/alan/procesador/procesador.srcs/sources_1/imports/procesador/control.vhd" into library xil_defaultlib
INFO: [VRFC 10-3107] analyzing entity 'CONTROL'
INFO: [VRFC 10-163] Analyzing VHDL file "/home/rossinc/Documents/alan/procesador/procesador.srcs/sources_1/imports/procesador/memory_program.vhd" into library xil_defaultlib
INFO: [VRFC 10-3107] analyzing entity 'MEMORY_PROG'
INFO: [VRFC 10-163] Analyzing VHDL file "/home/rossinc/Documents/alan/procesador/procesador.srcs/sources_1/imports/procesador/memory_program.vhd" into library xil_defaultlib
INFO: [VRFC 10-3107] analyzing entity 'MEMORY_PROG'
INFO: [VRFC 10-163] Analyzing VHDL file "/home/rossinc/Documents/alan/procesador/procesador.srcs/sources_1/imports/procesador/memory_program.vhd" into library xil_defaultlib
INFO: [VRFC 10-3107] analyzing entity 'MEMORY_PROG'
INFO: [VRFC 10-163] Analyzing VHDL file "/home/rossinc/Documents/alan/procesador/procesador.srcs/sources_1/imports/procesador/memory_program.vhd" into library xil_defaultlib
INFO: [VRFC 10-3107] analyzing entity 'MEMORY_PROG'
INFO: [VRFC 10-163] Analyzing VHDL file "/home/rossinc/Documents/alan/procesador/procesador.srcs/sources_1/imports/procesador/datapath.vhd" into library xil_defaultlib
INFO: [VRFC 10-3107] analyzing entity 'DATAPATH'
INFO: [VRFC 10-163] Analyzing VHDL file "/home/rossinc/Documents/alan/procesador/procesador.srcs/sources_1/imports/procesador/memory_program.vhd" into library xil_defaultlib
INFO: [VRFC 10-3107] analyzing entity 'MEMORY_PROG'
INFO: [VRFC 10-163] Analyzing VHDL file "/home/rossinc/Documents/alan/procesador/procesador.srcs/sources_1/imports/procesador/memory_program.vhd" into library xil_defaultlib
INFO: [VRFC 10-3107] analyzing entity 'MEMORY_PROG'
INFO: [VRFC 10-163] Analyzing VHDL file "/home/rossinc/Documents/alan/procesador/procesador.srcs/sources_1/imports/procesador/registros.vhd" into library xil_defaultlib
INFO: [VRFC 10-3107] analyzing entity 'REGISTROS'
ERROR: [VRFC 10-2989] 'registro_async' is not declared [/home/rossinc/Documents/alan/procesador/procesador.srcs/sources_1/imports/procesador/registros.vhd:61]
ERROR: [VRFC 10-3782] unit 'behavioral' ignored due to previous errors [/home/rossinc/Documents/alan/procesador/procesador.srcs/sources_1/imports/procesador/registros.vhd:20]
INFO: [VRFC 10-3070] VHDL file '/home/rossinc/Documents/alan/procesador/procesador.srcs/sources_1/imports/procesador/registros.vhd' ignored due to errors
INFO: [VRFC 10-163] Analyzing VHDL file "/home/rossinc/Documents/alan/procesador/procesador.srcs/sources_1/imports/procesador/registros.vhd" into library xil_defaultlib
INFO: [VRFC 10-3107] analyzing entity 'REGISTROS'
INFO: [VRFC 10-163] Analyzing VHDL file "/home/rossinc/Documents/alan/procesador/procesador.srcs/sources_1/imports/procesador/memory_data.vhd" into library xil_defaultlib
INFO: [VRFC 10-3107] analyzing entity 'MEMORY_DATA'
INFO: [VRFC 10-163] Analyzing VHDL file "/home/rossinc/Documents/alan/procesador/procesador.srcs/sources_1/imports/procesador/registros.vhd" into library xil_defaultlib
INFO: [VRFC 10-3107] analyzing entity 'REGISTROS'
INFO: [VRFC 10-163] Analyzing VHDL file "/home/rossinc/Documents/alan/procesador/procesador.srcs/sources_1/imports/procesador/registros.vhd" into library xil_defaultlib
INFO: [VRFC 10-3107] analyzing entity 'REGISTROS'
INFO: [VRFC 10-163] Analyzing VHDL file "/home/rossinc/Documents/alan/procesador/procesador.srcs/sources_1/imports/procesador/control.vhd" into library xil_defaultlib
INFO: [VRFC 10-3107] analyzing entity 'CONTROL'
INFO: [VRFC 10-163] Analyzing VHDL file "/home/rossinc/Documents/alan/procesador/procesador.srcs/sources_1/imports/procesador/datapath.vhd" into library xil_defaultlib
INFO: [VRFC 10-3107] analyzing entity 'DATAPATH'
INFO: [VRFC 10-163] Analyzing VHDL file "/home/rossinc/Documents/alan/procesador/procesador.srcs/sources_1/imports/procesador/memory_data.vhd" into library xil_defaultlib
INFO: [VRFC 10-3107] analyzing entity 'MEMORY_DATA'
INFO: [VRFC 10-163] Analyzing VHDL file "/home/rossinc/Documents/alan/procesador/procesador.srcs/sources_1/imports/procesador/memory_program.vhd" into library xil_defaultlib
INFO: [VRFC 10-3107] analyzing entity 'MEMORY_PROG'
INFO: [VRFC 10-163] Analyzing VHDL file "/home/rossinc/Documents/alan/procesador/procesador.srcs/sources_1/imports/procesador/registros.vhd" into library xil_defaultlib
INFO: [VRFC 10-3107] analyzing entity 'REGISTROS'
INFO: [VRFC 10-163] Analyzing VHDL file "/home/rossinc/Documents/alan/procesador/procesador.srcs/sources_1/imports/procesador/memory_program.vhd" into library xil_defaultlib
INFO: [VRFC 10-3107] analyzing entity 'MEMORY_PROG'
INFO: [VRFC 10-163] Analyzing VHDL file "/home/rossinc/Documents/alan/procesador/procesador.srcs/sources_1/new/registro_async.vhd" into library xil_defaultlib
INFO: [VRFC 10-3107] analyzing entity 'REGISTRO_ASYNC'
INFO: [VRFC 10-163] Analyzing VHDL file "/home/rossinc/Documents/alan/procesador/procesador.srcs/sources_1/imports/procesador/registros.vhd" into library xil_defaultlib
INFO: [VRFC 10-3107] analyzing entity 'REGISTROS'
INFO: [VRFC 10-163] Analyzing VHDL file "/home/rossinc/Documents/alan/procesador/procesador.srcs/sources_1/imports/procesador/memory_program.vhd" into library xil_defaultlib
INFO: [VRFC 10-3107] analyzing entity 'MEMORY_PROG'
INFO: [VRFC 10-163] Analyzing VHDL file "/home/rossinc/Documents/alan/procesador/procesador.srcs/sources_1/imports/procesador/control.vhd" into library xil_defaultlib
INFO: [VRFC 10-3107] analyzing entity 'CONTROL'
INFO: [VRFC 10-163] Analyzing VHDL file "/home/rossinc/Documents/alan/procesador/procesador.srcs/sources_1/imports/procesador/memory_program.vhd" into library xil_defaultlib
INFO: [VRFC 10-3107] analyzing entity 'MEMORY_PROG'
INFO: [VRFC 10-163] Analyzing VHDL file "/home/rossinc/Documents/alan/procesador/procesador.srcs/sources_1/imports/procesador/memory_program.vhd" into library xil_defaultlib
INFO: [VRFC 10-3107] analyzing entity 'MEMORY_PROG'
INFO: [VRFC 10-163] Analyzing VHDL file "/home/rossinc/Documents/alan/procesador/procesador.srcs/sources_1/imports/procesador/memory_program.vhd" into library xil_defaultlib
INFO: [VRFC 10-3107] analyzing entity 'MEMORY_PROG'
INFO: [VRFC 10-163] Analyzing VHDL file "/home/rossinc/Documents/alan/procesador/procesador.srcs/sources_1/imports/procesador/control.vhd" into library xil_defaultlib
INFO: [VRFC 10-3107] analyzing entity 'CONTROL'
INFO: [VRFC 10-163] Analyzing VHDL file "/home/rossinc/Documents/alan/procesador/procesador.srcs/sources_1/imports/procesador/memory_program.vhd" into library xil_defaultlib
INFO: [VRFC 10-3107] analyzing entity 'MEMORY_PROG'
INFO: [VRFC 10-163] Analyzing VHDL file "/home/rossinc/Documents/alan/procesador/procesador.srcs/sources_1/imports/procesador/control.vhd" into library xil_defaultlib
INFO: [VRFC 10-3107] analyzing entity 'CONTROL'
INFO: [VRFC 10-163] Analyzing VHDL file "/home/rossinc/Documents/alan/procesador/procesador.srcs/sources_1/imports/procesador/memory_data.vhd" into library xil_defaultlib
INFO: [VRFC 10-3107] analyzing entity 'MEMORY_DATA'
INFO: [VRFC 10-163] Analyzing VHDL file "/home/rossinc/Documents/alan/procesador/procesador.srcs/sources_1/imports/procesador/memory_program.vhd" into library xil_defaultlib
INFO: [VRFC 10-3107] analyzing entity 'MEMORY_PROG'
INFO: [VRFC 10-163] Analyzing VHDL file "/home/rossinc/Documents/alan/procesador/procesador.srcs/sources_1/imports/procesador/memory_program.vhd" into library xil_defaultlib
INFO: [VRFC 10-3107] analyzing entity 'MEMORY_PROG'
INFO: [VRFC 10-163] Analyzing VHDL file "/home/rossinc/Documents/alan/procesador/procesador.srcs/sources_1/imports/procesador/memory_program.vhd" into library xil_defaultlib
INFO: [VRFC 10-3107] analyzing entity 'MEMORY_PROG'
INFO: [VRFC 10-163] Analyzing VHDL file "/home/rossinc/Documents/alan/procesador/procesador.srcs/sources_1/imports/procesador/memory_program.vhd" into library xil_defaultlib
INFO: [VRFC 10-3107] analyzing entity 'MEMORY_PROG'
INFO: [VRFC 10-163] Analyzing VHDL file "/home/rossinc/Documents/alan/procesador/procesador.srcs/sources_1/imports/procesador/memory_program.vhd" into library xil_defaultlib
INFO: [VRFC 10-3107] analyzing entity 'MEMORY_PROG'
INFO: [VRFC 10-163] Analyzing VHDL file "/home/rossinc/Documents/alan/procesador/procesador.srcs/sources_1/imports/procesador/memory_data.vhd" into library xil_defaultlib
INFO: [VRFC 10-3107] analyzing entity 'MEMORY_DATA'
INFO: [VRFC 10-163] Analyzing VHDL file "/home/rossinc/Documents/alan/procesador/procesador.srcs/sources_1/imports/procesador/memory_data.vhd" into library xil_defaultlib
INFO: [VRFC 10-3107] analyzing entity 'MEMORY_DATA'
INFO: [VRFC 10-163] Analyzing VHDL file "/home/rossinc/Documents/alan/procesador/procesador.srcs/sources_1/imports/procesador/registros.vhd" into library xil_defaultlib
INFO: [VRFC 10-3107] analyzing entity 'REGISTROS'
INFO: [VRFC 10-163] Analyzing VHDL file "/home/rossinc/Documents/alan/procesador/procesador.srcs/sources_1/imports/procesador/registros.vhd" into library xil_defaultlib
INFO: [VRFC 10-3107] analyzing entity 'REGISTROS'
INFO: [VRFC 10-163] Analyzing VHDL file "/home/rossinc/Documents/alan/procesador/procesador.srcs/sources_1/imports/procesador/datapath.vhd" into library xil_defaultlib
INFO: [VRFC 10-3107] analyzing entity 'DATAPATH'
INFO: [VRFC 10-163] Analyzing VHDL file "/home/rossinc/Documents/alan/procesador/procesador.srcs/sources_1/imports/procesador/datapath.vhd" into library xil_defaultlib
INFO: [VRFC 10-3107] analyzing entity 'DATAPATH'
INFO: [VRFC 10-163] Analyzing VHDL file "/home/rossinc/Documents/alan/procesador/procesador.srcs/sources_1/imports/procesador/memory_program.vhd" into library xil_defaultlib
INFO: [VRFC 10-3107] analyzing entity 'MEMORY_PROG'
INFO: [VRFC 10-163] Analyzing VHDL file "/home/rossinc/Documents/alan/procesador/procesador.srcs/sources_1/imports/procesador/memory_program.vhd" into library xil_defaultlib
INFO: [VRFC 10-3107] analyzing entity 'MEMORY_PROG'
INFO: [VRFC 10-163] Analyzing VHDL file "/home/rossinc/Documents/alan/procesador/procesador.srcs/sources_1/imports/procesador/memory_program.vhd" into library xil_defaultlib
INFO: [VRFC 10-3107] analyzing entity 'MEMORY_PROG'
INFO: [VRFC 10-163] Analyzing VHDL file "/home/rossinc/Documents/alan/procesador/procesador.srcs/sources_1/imports/procesador/alu.vhd" into library xil_defaultlib
INFO: [VRFC 10-3107] analyzing entity 'ALU'
INFO: [VRFC 10-163] Analyzing VHDL file "/home/rossinc/Documents/alan/procesador/procesador.srcs/sources_1/imports/procesador/datapath.vhd" into library xil_defaultlib
INFO: [VRFC 10-3107] analyzing entity 'DATAPATH'
INFO: [VRFC 10-163] Analyzing VHDL file "/home/rossinc/Documents/alan/procesador/procesador.srcs/sources_1/imports/procesador/memory_program.vhd" into library xil_defaultlib
INFO: [VRFC 10-3107] analyzing entity 'MEMORY_PROG'
INFO: [VRFC 10-163] Analyzing VHDL file "/home/rossinc/Documents/alan/procesador/procesador.srcs/sources_1/imports/procesador/alu.vhd" into library xil_defaultlib
INFO: [VRFC 10-3107] analyzing entity 'ALU'
INFO: [VRFC 10-163] Analyzing VHDL file "/home/rossinc/Documents/alan/procesador/procesador.srcs/sources_1/imports/procesador/alu.vhd" into library xil_defaultlib
INFO: [VRFC 10-3107] analyzing entity 'ALU'
INFO: [VRFC 10-163] Analyzing VHDL file "/home/rossinc/Documents/alan/procesador/procesador.srcs/sources_1/imports/procesador/memory_program.vhd" into library xil_defaultlib
INFO: [VRFC 10-3107] analyzing entity 'MEMORY_PROG'
INFO: [VRFC 10-163] Analyzing VHDL file "/home/rossinc/Documents/alan/procesador/procesador.srcs/sources_1/imports/procesador/memory_program.vhd" into library xil_defaultlib
INFO: [VRFC 10-3107] analyzing entity 'MEMORY_PROG'
INFO: [VRFC 10-163] Analyzing VHDL file "/home/rossinc/Documents/alan/procesador/procesador.srcs/sources_1/imports/procesador/alu.vhd" into library xil_defaultlib
INFO: [VRFC 10-3107] analyzing entity 'ALU'
INFO: [VRFC 10-163] Analyzing VHDL file "/home/rossinc/Documents/alan/procesador/procesador.srcs/sources_1/imports/procesador/datapath.vhd" into library xil_defaultlib
INFO: [VRFC 10-3107] analyzing entity 'DATAPATH'
INFO: [VRFC 10-163] Analyzing VHDL file "/home/rossinc/Documents/alan/procesador/procesador.srcs/sources_1/imports/procesador/control.vhd" into library xil_defaultlib
INFO: [VRFC 10-3107] analyzing entity 'CONTROL'
INFO: [VRFC 10-163] Analyzing VHDL file "/home/rossinc/Documents/alan/procesador/procesador.srcs/sources_1/imports/procesador/datapath.vhd" into library xil_defaultlib
INFO: [VRFC 10-3107] analyzing entity 'DATAPATH'
INFO: [VRFC 10-163] Analyzing VHDL file "/home/rossinc/Documents/alan/procesador/procesador.srcs/sources_1/imports/procesador/control.vhd" into library xil_defaultlib
INFO: [VRFC 10-3107] analyzing entity 'CONTROL'
INFO: [VRFC 10-163] Analyzing VHDL file "/home/rossinc/Documents/alan/procesador/procesador.srcs/sources_1/imports/procesador/datapath.vhd" into library xil_defaultlib
INFO: [VRFC 10-3107] analyzing entity 'DATAPATH'
ERROR: [VRFC 10-1412] syntax error near ) [/home/rossinc/Documents/alan/procesador/procesador.srcs/sources_1/imports/procesador/datapath.vhd:95]
ERROR: [VRFC 10-1412] syntax error near PORT [/home/rossinc/Documents/alan/procesador/procesador.srcs/sources_1/imports/procesador/datapath.vhd:104]
ERROR: [VRFC 10-2989] 'pc' is not declared [/home/rossinc/Documents/alan/procesador/procesador.srcs/sources_1/imports/procesador/datapath.vhd:205]
ERROR: [VRFC 10-2989] 'memory_prog' is not declared [/home/rossinc/Documents/alan/procesador/procesador.srcs/sources_1/imports/procesador/datapath.vhd:213]
ERROR: [VRFC 10-2989] 'alu' is not declared [/home/rossinc/Documents/alan/procesador/procesador.srcs/sources_1/imports/procesador/datapath.vhd:234]
ERROR: [VRFC 10-2989] 'registros' is not declared [/home/rossinc/Documents/alan/procesador/procesador.srcs/sources_1/imports/procesador/datapath.vhd:242]
ERROR: [VRFC 10-2989] 'alu' is not declared [/home/rossinc/Documents/alan/procesador/procesador.srcs/sources_1/imports/procesador/datapath.vhd:275]
ERROR: [VRFC 10-2927] 'control' has only 0 generics [/home/rossinc/Documents/alan/procesador/procesador.srcs/sources_1/imports/procesador/datapath.vhd:291]
ERROR: [VRFC 10-2928] 'control' has only 0 ports [/home/rossinc/Documents/alan/procesador/procesador.srcs/sources_1/imports/procesador/datapath.vhd:291]
ERROR: [VRFC 10-2989] 'memory_data' is not declared [/home/rossinc/Documents/alan/procesador/procesador.srcs/sources_1/imports/procesador/datapath.vhd:347]
ERROR: [VRFC 10-3782] unit 'behavioral' ignored due to previous errors [/home/rossinc/Documents/alan/procesador/procesador.srcs/sources_1/imports/procesador/datapath.vhd:23]
INFO: [VRFC 10-3070] VHDL file '/home/rossinc/Documents/alan/procesador/procesador.srcs/sources_1/imports/procesador/datapath.vhd' ignored due to errors
INFO: [VRFC 10-163] Analyzing VHDL file "/home/rossinc/Documents/alan/procesador/procesador.srcs/sources_1/imports/procesador/control.vhd" into library xil_defaultlib
INFO: [VRFC 10-3107] analyzing entity 'CONTROL'
INFO: [VRFC 10-163] Analyzing VHDL file "/home/rossinc/Documents/alan/procesador/procesador.srcs/sources_1/imports/procesador/datapath.vhd" into library xil_defaultlib
INFO: [VRFC 10-3107] analyzing entity 'DATAPATH'
INFO: [VRFC 10-163] Analyzing VHDL file "/home/rossinc/Documents/alan/procesador/procesador.srcs/sources_1/imports/procesador/control.vhd" into library xil_defaultlib
INFO: [VRFC 10-3107] analyzing entity 'CONTROL'
INFO: [VRFC 10-163] Analyzing VHDL file "/home/rossinc/Documents/alan/procesador/procesador.srcs/sources_1/imports/procesador/datapath.vhd" into library xil_defaultlib
INFO: [VRFC 10-3107] analyzing entity 'DATAPATH'
INFO: [VRFC 10-163] Analyzing VHDL file "/home/rossinc/Documents/alan/procesador/procesador.srcs/sources_1/imports/procesador/datapath.vhd" into library xil_defaultlib
INFO: [VRFC 10-3107] analyzing entity 'DATAPATH'
INFO: [VRFC 10-163] Analyzing VHDL file "/home/rossinc/Documents/alan/procesador/procesador.srcs/sources_1/imports/procesador/datapath.vhd" into library xil_defaultlib
INFO: [VRFC 10-3107] analyzing entity 'DATAPATH'
INFO: [VRFC 10-163] Analyzing VHDL file "/home/rossinc/Documents/alan/procesador/procesador.srcs/sources_1/imports/procesador/datapath.vhd" into library xil_defaultlib
INFO: [VRFC 10-3107] analyzing entity 'DATAPATH'
INFO: [VRFC 10-163] Analyzing VHDL file "/home/rossinc/Documents/alan/procesador/procesador.srcs/sources_1/imports/procesador/datapath.vhd" into library xil_defaultlib
INFO: [VRFC 10-3107] analyzing entity 'DATAPATH'
INFO: [VRFC 10-163] Analyzing VHDL file "/home/rossinc/Documents/alan/procesador/procesador.srcs/sources_1/imports/procesador/memory_program.vhd" into library xil_defaultlib
INFO: [VRFC 10-3107] analyzing entity 'MEMORY_PROG'
INFO: [VRFC 10-163] Analyzing VHDL file "/home/rossinc/Documents/alan/procesador/procesador.srcs/sources_1/imports/procesador/memory_program.vhd" into library xil_defaultlib
INFO: [VRFC 10-3107] analyzing entity 'MEMORY_PROG'
INFO: [VRFC 10-163] Analyzing VHDL file "/home/rossinc/Documents/alan/procesador/procesador.srcs/sources_1/imports/procesador/memory_data.vhd" into library xil_defaultlib
INFO: [VRFC 10-3107] analyzing entity 'MEMORY_DATA'
INFO: [VRFC 10-163] Analyzing VHDL file "/home/rossinc/Documents/alan/procesador/procesador.srcs/sources_1/imports/procesador/memory_program.vhd" into library xil_defaultlib
INFO: [VRFC 10-3107] analyzing entity 'MEMORY_PROG'
INFO: [VRFC 10-163] Analyzing VHDL file "/home/rossinc/Documents/alan/procesador/procesador.srcs/sources_1/imports/procesador/memory_program.vhd" into library xil_defaultlib
INFO: [VRFC 10-3107] analyzing entity 'MEMORY_PROG'
INFO: [VRFC 10-163] Analyzing VHDL file "/home/rossinc/Documents/alan/procesador/procesador.srcs/sources_1/imports/procesador/memory_program.vhd" into library xil_defaultlib
INFO: [VRFC 10-3107] analyzing entity 'MEMORY_PROG'
INFO: [VRFC 10-163] Analyzing VHDL file "/home/rossinc/Documents/alan/procesador/procesador.srcs/sources_1/imports/procesador/memory_program.vhd" into library xil_defaultlib
INFO: [VRFC 10-3107] analyzing entity 'MEMORY_PROG'
INFO: [VRFC 10-163] Analyzing VHDL file "/home/rossinc/Documents/alan/procesador/procesador.srcs/sources_1/imports/procesador/memory_program.vhd" into library xil_defaultlib
INFO: [VRFC 10-3107] analyzing entity 'MEMORY_PROG'
INFO: [VRFC 10-163] Analyzing VHDL file "/home/rossinc/Documents/alan/procesador/procesador.srcs/sources_1/imports/procesador/memory_program.vhd" into library xil_defaultlib
INFO: [VRFC 10-3107] analyzing entity 'MEMORY_PROG'
INFO: [VRFC 10-163] Analyzing VHDL file "/home/rossinc/Documents/alan/procesador/procesador.srcs/sources_1/imports/procesador/memory_program.vhd" into library xil_defaultlib
INFO: [VRFC 10-3107] analyzing entity 'MEMORY_PROG'
INFO: [VRFC 10-163] Analyzing VHDL file "/home/rossinc/Documents/alan/procesador/procesador.srcs/sources_1/imports/procesador/memory_program.vhd" into library xil_defaultlib
INFO: [VRFC 10-3107] analyzing entity 'MEMORY_PROG'
INFO: [VRFC 10-163] Analyzing VHDL file "/home/rossinc/Documents/alan/procesador/procesador.srcs/sources_1/imports/procesador/memory_program.vhd" into library xil_defaultlib
INFO: [VRFC 10-3107] analyzing entity 'MEMORY_PROG'
INFO: [VRFC 10-163] Analyzing VHDL file "/home/rossinc/Documents/alan/procesador/procesador.srcs/sources_1/imports/procesador/memory_program.vhd" into library xil_defaultlib
INFO: [VRFC 10-3107] analyzing entity 'MEMORY_PROG'
INFO: [VRFC 10-163] Analyzing VHDL file "/home/rossinc/Documents/alan/procesador/procesador.srcs/sources_1/imports/procesador/memory_program.vhd" into library xil_defaultlib
INFO: [VRFC 10-3107] analyzing entity 'MEMORY_PROG'
INFO: [VRFC 10-163] Analyzing VHDL file "/home/rossinc/Documents/alan/procesador/procesador.srcs/sources_1/imports/procesador/memory_program.vhd" into library xil_defaultlib
INFO: [VRFC 10-3107] analyzing entity 'MEMORY_PROG'
INFO: [VRFC 10-163] Analyzing VHDL file "/home/rossinc/Documents/alan/procesador/procesador.srcs/sources_1/imports/procesador/memory_program.vhd" into library xil_defaultlib
INFO: [VRFC 10-3107] analyzing entity 'MEMORY_PROG'
INFO: [VRFC 10-163] Analyzing VHDL file "/home/rossinc/Documents/alan/procesador/procesador.srcs/sources_1/imports/procesador/memory_program.vhd" into library xil_defaultlib
INFO: [VRFC 10-3107] analyzing entity 'MEMORY_PROG'
INFO: [VRFC 10-163] Analyzing VHDL file "/home/rossinc/Documents/alan/procesador/procesador.srcs/sources_1/imports/procesador/memory_program.vhd" into library xil_defaultlib
INFO: [VRFC 10-3107] analyzing entity 'MEMORY_PROG'
INFO: [VRFC 10-163] Analyzing VHDL file "/home/rossinc/Documents/alan/procesador/procesador.srcs/sources_1/imports/procesador/memory_program.vhd" into library xil_defaultlib
INFO: [VRFC 10-3107] analyzing entity 'MEMORY_PROG'
INFO: [VRFC 10-163] Analyzing VHDL file "/home/rossinc/Documents/alan/procesador/procesador.srcs/sources_1/imports/procesador/memory_program.vhd" into library xil_defaultlib
INFO: [VRFC 10-3107] analyzing entity 'MEMORY_PROG'
INFO: [VRFC 10-163] Analyzing VHDL file "/home/rossinc/Documents/alan/procesador/procesador.srcs/sources_1/imports/procesador/memory_program.vhd" into library xil_defaultlib
INFO: [VRFC 10-3107] analyzing entity 'MEMORY_PROG'
INFO: [VRFC 10-163] Analyzing VHDL file "/home/rossinc/Documents/alan/procesador/procesador.srcs/sources_1/imports/procesador/memory_program.vhd" into library xil_defaultlib
INFO: [VRFC 10-3107] analyzing entity 'MEMORY_PROG'
INFO: [VRFC 10-163] Analyzing VHDL file "/home/rossinc/Documents/alan/procesador/procesador.srcs/sources_1/imports/procesador/memory_program.vhd" into library xil_defaultlib
INFO: [VRFC 10-3107] analyzing entity 'MEMORY_PROG'
INFO: [VRFC 10-163] Analyzing VHDL file "/home/rossinc/Documents/alan/procesador/procesador.srcs/sources_1/imports/procesador/memory_program.vhd" into library xil_defaultlib
INFO: [VRFC 10-3107] analyzing entity 'MEMORY_PROG'
INFO: [VRFC 10-163] Analyzing VHDL file "/home/rossinc/Documents/alan/procesador/procesador.srcs/sources_1/imports/procesador/memory_program.vhd" into library xil_defaultlib
INFO: [VRFC 10-3107] analyzing entity 'MEMORY_PROG'
INFO: [VRFC 10-163] Analyzing VHDL file "/home/rossinc/Documents/alan/procesador/procesador.srcs/sources_1/imports/procesador/memory_program.vhd" into library xil_defaultlib
INFO: [VRFC 10-3107] analyzing entity 'MEMORY_PROG'
INFO: [VRFC 10-163] Analyzing VHDL file "/home/rossinc/Documents/alan/procesador/procesador.srcs/sources_1/imports/procesador/memory_program.vhd" into library xil_defaultlib
INFO: [VRFC 10-3107] analyzing entity 'MEMORY_PROG'
